<?xml version="1.0" encoding="UTF-8"?>
<!-- Generated by org.testng.reporters.JUnitXMLReporter -->
<testsuite ignored="0" hostname="MauLiPC" failures="0" tests="1" name="Default test" time="0.066" errors="0" timestamp="2022-10-30T22:53:40 IST">
  <testcase classname="com.Utility.BaseClass" name="@BeforeSuite Bs" time="0.026">
    <failure type="java.io.FileNotFoundException" message="C:\Users\admin\eclipse-workspace\Framework Design\TestData\New Microsoft Excel Worksheet.xlsx (The system cannot find the file specified)">
      <![CDATA[java.io.FileNotFoundException: C:\Users\admin\eclipse-workspace\Framework Design\TestData\New Microsoft Excel Worksheet.xlsx (The system cannot find the file specified)
at java.base/java.io.FileInputStream.open0(Native Method)
at java.base/java.io.FileInputStream.open(FileInputStream.java:216)
at java.base/java.io.FileInputStream.<init>(FileInputStream.java:157)
at java.base/java.io.FileInputStream.<init>(FileInputStream.java:111)
at com.Utility.ExelDataProvider.<init>(ExelDataProvider.java:15)
at com.Utility.BaseClass.Bs(BaseClass.java:20)
at java.base/jdk.internal.reflect.DirectMethodHandleAccessor.invoke(DirectMethodHandleAccessor.java:104)
at java.base/java.lang.reflect.Method.invoke(Method.java:577)
at org.testng.internal.MethodInvocationHelper.invokeMethod(MethodInvocationHelper.java:133)
at org.testng.internal.MethodInvocationHelper.invokeMethodConsideringTimeout(MethodInvocationHelper.java:62)
at org.testng.internal.ConfigInvoker.invokeConfigurationMethod(ConfigInvoker.java:385)
at org.testng.internal.ConfigInvoker.invokeConfigurations(ConfigInvoker.java:321)
at org.testng.SuiteRunner.privateRun(SuiteRunner.java:317)
at org.testng.SuiteRunner.run(SuiteRunner.java:276)
at org.testng.SuiteRunnerWorker.runSuite(SuiteRunnerWorker.java:53)
at org.testng.SuiteRunnerWorker.run(SuiteRunnerWorker.java:96)
at org.testng.TestNG.runSuitesSequentially(TestNG.java:1212)
at org.testng.TestNG.runSuitesLocally(TestNG.java:1134)
at org.testng.TestNG.runSuites(TestNG.java:1063)
at org.testng.TestNG.run(TestNG.java:1031)
at org.testng.remote.AbstractRemoteTestNG.run(AbstractRemoteTestNG.java:115)
at org.testng.remote.RemoteTestNG.initAndRun(RemoteTestNG.java:251)
at org.testng.remote.RemoteTestNG.main(RemoteTestNG.java:77)
]]>
    </failure>
  </testcase> <!-- @BeforeSuite Bs -->
  <testcase classname="com.Utility.BaseClass" name="@BeforeMethod BrowserOpen" time="-1.667150620139E9">
    <skipped/>
  </testcase> <!-- @BeforeMethod BrowserOpen -->
  <testcase classname="com.Utility.BaseClass" name="@AfterMethod Close" time="-1.667150620152E9">
    <skipped/>
  </testcase> <!-- @AfterMethod Close -->
  <testcase classname="com.Test.Test1" name="loginpage" time="0.0">
    <skipped/>
  </testcase> <!-- loginpage -->
</testsuite> <!-- Default test -->
