<?xml version="1.0" encoding="UTF-8"?>
<!-- Generated by org.testng.reporters.JUnitXMLReporter -->
<testsuite ignored="0" hostname="MauLiPC" failures="0" tests="1" name="Test" time="0.068" errors="0" timestamp="2022-10-30T22:48:10 IST">
  <testcase classname="com.Utility.BaseClass" name="@BeforeSuite Bs" time="0.025">
    <failure type="java.io.FileNotFoundException" message="C:\Users\admin\eclipse-workspace\Framework Design\TestData\New Microsoft Excel Worksheet.xlsx (The system cannot find the file specified)">
      <![CDATA[java.io.FileNotFoundException: C:\Users\admin\eclipse-workspace\Framework Design\TestData\New Microsoft Excel Worksheet.xlsx (The system cannot find the file specified)
at java.base/java.io.FileInputStream.open0(Native Method)
at java.base/java.io.FileInputStream.open(FileInputStream.java:216)
at java.base/java.io.FileInputStream.<init>(FileInputStream.java:157)
at java.base/java.io.FileInputStream.<init>(FileInputStream.java:111)
at com.Utility.ExelDataProvider.<init>(ExelDataProvider.java:15)
at com.Utility.BaseClass.Bs(BaseClass.java:20)
... Removed 17 stack frames]]>
    </failure>
  </testcase> <!-- @BeforeSuite Bs -->
  <testcase classname="com.Utility.BaseClass" name="@BeforeMethod BrowserOpen" time="-1.667150290065E9">
    <skipped/>
  </testcase> <!-- @BeforeMethod BrowserOpen -->
  <testcase classname="com.Utility.BaseClass" name="@AfterMethod Close" time="-1.667150290078E9">
    <skipped/>
  </testcase> <!-- @AfterMethod Close -->
  <testcase classname="com.Test.Test1" name="loginpage" time="0.0">
    <skipped/>
  </testcase> <!-- loginpage -->
</testsuite> <!-- Test -->
